<?xml version="1.0" encoding="UTF-8"?>
<testng-results ignored="0" total="1" passed="1" failed="0" skipped="0">
  <reporter-output>
  </reporter-output>
  <suite started-at="2025-06-06T21:54:29 IST" name="DynamicSuite" finished-at="2025-06-06T21:54:29 IST" duration-ms="0">
    <groups>
    </groups>
  </suite> <!-- DynamicSuite -->
  <suite started-at="2025-06-06T21:54:29 IST" name="SampleTestSuite" finished-at="2025-06-06T21:54:29 IST" duration-ms="82">
    <groups>
    </groups>
    <test started-at="2025-06-06T21:54:29 IST" name="SampleTest" finished-at="2025-06-06T21:54:29 IST" duration-ms="82">
      <class name="com.apiautomationbookstore.tests.HealthCheckTest">
        <test-method is-config="true" signature="beforeSuite()[pri:0, instance:com.apiautomationbookstore.tests.HealthCheckTest@291caca8]" started-at="2025-06-06T21:54:29 IST" name="beforeSuite" finished-at="2025-06-06T21:54:29 IST" duration-ms="113" status="PASS">
          <reporter-output>
          </reporter-output>
        </test-method> <!-- beforeSuite -->
        <test-method is-config="true" signature="beforeTestMethod()[pri:0, instance:com.apiautomationbookstore.tests.HealthCheckTest@291caca8]" started-at="2025-06-06T21:54:29 IST" name="beforeTestMethod" finished-at="2025-06-06T21:54:29 IST" duration-ms="0" status="PASS">
          <reporter-output>
          </reporter-output>
        </test-method> <!-- beforeTestMethod -->
        <test-method signature="validateUserSignupAPI()[pri:0, instance:com.apiautomationbookstore.tests.HealthCheckTest@291caca8]" started-at="2025-06-06T21:54:29 IST" name="validateUserSignupAPI" finished-at="2025-06-06T21:54:29 IST" duration-ms="29" status="PASS">
          <reporter-output>
          </reporter-output>
        </test-method> <!-- validateUserSignupAPI -->
      </class> <!-- com.apiautomationbookstore.tests.HealthCheckTest -->
    </test> <!-- SampleTest -->
  </suite> <!-- SampleTestSuite -->
</testng-results>
